CRITICAL - 2022-07-29 00:50:10 --> Undefined array key "inp1"
in APPPATH\Views\temp\FirstPage.php on line 3.
 1 APPPATH\Views\temp\FirstPage.php(3): CodeIgniter\Debug\Exceptions->errorHandler(2, 'Undefined array key "inp1"', 'APPPATH\\Views\\temp\\FirstPage.php', 3)
 2 APPPATH\Views\temp\FirstPage.php(75): calcEl()
 3 SYSTEMPATH\View\View.php(213): include('APPPATH\\Views\\temp\\FirstPage.php')
 4 SYSTEMPATH\View\View.php(216): CodeIgniter\View\View->CodeIgniter\View\{closure}()
 5 SYSTEMPATH\Common.php(1135): CodeIgniter\View\View->render('temp/FirstPage', [], true)
 6 APPPATH\Controllers\Test.php(9): view('temp/FirstPage')
 7 SYSTEMPATH\CodeIgniter.php(896): App\Controllers\Test->index()
 8 SYSTEMPATH\CodeIgniter.php(466): CodeIgniter\CodeIgniter->runController(Object(App\Controllers\Test))
 9 SYSTEMPATH\CodeIgniter.php(349): CodeIgniter\CodeIgniter->handleRequest(null, Object(Config\Cache), false)
10 FCPATH\index.php(55): CodeIgniter\CodeIgniter->run()
CRITICAL - 2022-07-29 00:50:27 --> Undefined array key "inp1"
in APPPATH\Views\temp\FirstPage.php on line 77.
 1 APPPATH\Views\temp\FirstPage.php(77): CodeIgniter\Debug\Exceptions->errorHandler(2, 'Undefined array key "inp1"', 'APPPATH\\Views\\temp\\FirstPage.php', 77)
 2 APPPATH\Views\temp\FirstPage.php(59): calcEl()
 3 SYSTEMPATH\View\View.php(213): include('APPPATH\\Views\\temp\\FirstPage.php')
 4 SYSTEMPATH\View\View.php(216): CodeIgniter\View\View->CodeIgniter\View\{closure}()
 5 SYSTEMPATH\Common.php(1135): CodeIgniter\View\View->render('temp/FirstPage', [], true)
 6 APPPATH\Controllers\Test.php(9): view('temp/FirstPage')
 7 SYSTEMPATH\CodeIgniter.php(896): App\Controllers\Test->index()
 8 SYSTEMPATH\CodeIgniter.php(466): CodeIgniter\CodeIgniter->runController(Object(App\Controllers\Test))
 9 SYSTEMPATH\CodeIgniter.php(349): CodeIgniter\CodeIgniter->handleRequest(null, Object(Config\Cache), false)
10 FCPATH\index.php(55): CodeIgniter\CodeIgniter->run()
CRITICAL - 2022-07-29 01:02:03 --> Undefined array key "inp1"
in APPPATH\Views\temp\tools.php on line 3.
 1 APPPATH\Views\temp\tools.php(3): CodeIgniter\Debug\Exceptions->errorHandler(2, 'Undefined array key "inp1"', 'APPPATH\\Views\\temp\\tools.php', 3)
 2 SYSTEMPATH\View\View.php(213): include('APPPATH\\Views\\temp\\tools.php')
 3 SYSTEMPATH\View\View.php(216): CodeIgniter\View\View->CodeIgniter\View\{closure}()
 4 SYSTEMPATH\Common.php(1135): CodeIgniter\View\View->render('temp/tools', [], true)
 5 APPPATH\Controllers\Test.php(15): view('temp/tools')
 6 SYSTEMPATH\CodeIgniter.php(896): App\Controllers\Test->eligible()
 7 SYSTEMPATH\CodeIgniter.php(466): CodeIgniter\CodeIgniter->runController(Object(App\Controllers\Test))
 8 SYSTEMPATH\CodeIgniter.php(349): CodeIgniter\CodeIgniter->handleRequest(null, Object(Config\Cache), false)
 9 FCPATH\index.php(55): CodeIgniter\CodeIgniter->run()
CRITICAL - 2022-07-29 01:05:43 --> Undefined array key "inp1"
in APPPATH\Views\temp\tools.php on line 3.
 1 APPPATH\Views\temp\tools.php(3): CodeIgniter\Debug\Exceptions->errorHandler(2, 'Undefined array key "inp1"', 'APPPATH\\Views\\temp\\tools.php', 3)
 2 SYSTEMPATH\View\View.php(213): include('APPPATH\\Views\\temp\\tools.php')
 3 SYSTEMPATH\View\View.php(216): CodeIgniter\View\View->CodeIgniter\View\{closure}()
 4 SYSTEMPATH\Common.php(1135): CodeIgniter\View\View->render('temp/tools', [], true)
 5 APPPATH\Controllers\Test.php(15): view('temp/tools')
 6 SYSTEMPATH\CodeIgniter.php(896): App\Controllers\Test->eligible()
 7 SYSTEMPATH\CodeIgniter.php(466): CodeIgniter\CodeIgniter->runController(Object(App\Controllers\Test))
 8 SYSTEMPATH\CodeIgniter.php(349): CodeIgniter\CodeIgniter->handleRequest(null, Object(Config\Cache), false)
 9 FCPATH\index.php(55): CodeIgniter\CodeIgniter->run()
CRITICAL - 2022-07-29 01:05:53 --> Undefined array key "inp1"
in APPPATH\Views\temp\tools.php on line 3.
 1 APPPATH\Views\temp\tools.php(3): CodeIgniter\Debug\Exceptions->errorHandler(2, 'Undefined array key "inp1"', 'APPPATH\\Views\\temp\\tools.php', 3)
 2 SYSTEMPATH\View\View.php(213): include('APPPATH\\Views\\temp\\tools.php')
 3 SYSTEMPATH\View\View.php(216): CodeIgniter\View\View->CodeIgniter\View\{closure}()
 4 SYSTEMPATH\Common.php(1135): CodeIgniter\View\View->render('temp/tools', [], true)
 5 APPPATH\Controllers\Test.php(15): view('temp/tools')
 6 SYSTEMPATH\CodeIgniter.php(896): App\Controllers\Test->eligible()
 7 SYSTEMPATH\CodeIgniter.php(466): CodeIgniter\CodeIgniter->runController(Object(App\Controllers\Test))
 8 SYSTEMPATH\CodeIgniter.php(349): CodeIgniter\CodeIgniter->handleRequest(null, Object(Config\Cache), false)
 9 FCPATH\index.php(55): CodeIgniter\CodeIgniter->run()
CRITICAL - 2022-07-29 01:12:26 --> Unknown named parameter $url
in APPPATH\Views\temp\FirstPage.php on line 59.
 1 SYSTEMPATH\View\View.php(213): include()
 2 SYSTEMPATH\View\View.php(216): CodeIgniter\View\View->CodeIgniter\View\{closure}()
 3 SYSTEMPATH\Common.php(1135): CodeIgniter\View\View->render('temp/FirstPage', [], true)
 4 APPPATH\Controllers\Test.php(9): view('temp/FirstPage')
 5 SYSTEMPATH\CodeIgniter.php(896): App\Controllers\Test->index()
 6 SYSTEMPATH\CodeIgniter.php(466): CodeIgniter\CodeIgniter->runController(Object(App\Controllers\Test))
 7 SYSTEMPATH\CodeIgniter.php(349): CodeIgniter\CodeIgniter->handleRequest(null, Object(Config\Cache), false)
 8 FCPATH\index.php(55): CodeIgniter\CodeIgniter->run()
CRITICAL - 2022-07-29 01:12:49 --> Unknown named parameter $url
in APPPATH\Views\temp\FirstPage.php on line 59.
 1 SYSTEMPATH\View\View.php(213): include()
 2 SYSTEMPATH\View\View.php(216): CodeIgniter\View\View->CodeIgniter\View\{closure}()
 3 SYSTEMPATH\Common.php(1135): CodeIgniter\View\View->render('temp/FirstPage', [], true)
 4 APPPATH\Controllers\Test.php(9): view('temp/FirstPage')
 5 SYSTEMPATH\CodeIgniter.php(896): App\Controllers\Test->index()
 6 SYSTEMPATH\CodeIgniter.php(466): CodeIgniter\CodeIgniter->runController(Object(App\Controllers\Test))
 7 SYSTEMPATH\CodeIgniter.php(349): CodeIgniter\CodeIgniter->handleRequest(null, Object(Config\Cache), false)
 8 FCPATH\index.php(55): CodeIgniter\CodeIgniter->run()
CRITICAL - 2022-07-29 01:13:15 --> Unknown named parameter $url
in APPPATH\Views\temp\FirstPage.php on line 59.
 1 SYSTEMPATH\View\View.php(213): include()
 2 SYSTEMPATH\View\View.php(216): CodeIgniter\View\View->CodeIgniter\View\{closure}()
 3 SYSTEMPATH\Common.php(1135): CodeIgniter\View\View->render('temp/FirstPage', [], true)
 4 APPPATH\Controllers\Test.php(9): view('temp/FirstPage')
 5 SYSTEMPATH\CodeIgniter.php(896): App\Controllers\Test->index()
 6 SYSTEMPATH\CodeIgniter.php(466): CodeIgniter\CodeIgniter->runController(Object(App\Controllers\Test))
 7 SYSTEMPATH\CodeIgniter.php(349): CodeIgniter\CodeIgniter->handleRequest(null, Object(Config\Cache), false)
 8 FCPATH\index.php(55): CodeIgniter\CodeIgniter->run()
CRITICAL - 2022-07-29 01:13:20 --> Unknown named parameter $url
in APPPATH\Views\temp\FirstPage.php on line 59.
 1 SYSTEMPATH\View\View.php(213): include()
 2 SYSTEMPATH\View\View.php(216): CodeIgniter\View\View->CodeIgniter\View\{closure}()
 3 SYSTEMPATH\Common.php(1135): CodeIgniter\View\View->render('temp/FirstPage', [], true)
 4 APPPATH\Controllers\Test.php(9): view('temp/FirstPage')
 5 SYSTEMPATH\CodeIgniter.php(896): App\Controllers\Test->index()
 6 SYSTEMPATH\CodeIgniter.php(466): CodeIgniter\CodeIgniter->runController(Object(App\Controllers\Test))
 7 SYSTEMPATH\CodeIgniter.php(349): CodeIgniter\CodeIgniter->handleRequest(null, Object(Config\Cache), false)
 8 FCPATH\index.php(55): CodeIgniter\CodeIgniter->run()
CRITICAL - 2022-07-29 01:14:15 --> Unknown named parameter $url
in APPPATH\Views\temp\FirstPage.php on line 59.
 1 SYSTEMPATH\View\View.php(213): include()
 2 SYSTEMPATH\View\View.php(216): CodeIgniter\View\View->CodeIgniter\View\{closure}()
 3 SYSTEMPATH\Common.php(1135): CodeIgniter\View\View->render('temp/FirstPage', [], true)
 4 APPPATH\Controllers\Test.php(9): view('temp/FirstPage')
 5 SYSTEMPATH\CodeIgniter.php(896): App\Controllers\Test->index()
 6 SYSTEMPATH\CodeIgniter.php(466): CodeIgniter\CodeIgniter->runController(Object(App\Controllers\Test))
 7 SYSTEMPATH\CodeIgniter.php(349): CodeIgniter\CodeIgniter->handleRequest(null, Object(Config\Cache), false)
 8 FCPATH\index.php(55): CodeIgniter\CodeIgniter->run()
CRITICAL - 2022-07-29 01:20:25 --> Undefined array key "inp1"
in APPPATH\Views\temp\tools.php on line 3.
 1 APPPATH\Views\temp\tools.php(3): CodeIgniter\Debug\Exceptions->errorHandler(2, 'Undefined array key "inp1"', 'APPPATH\\Views\\temp\\tools.php', 3)
 2 SYSTEMPATH\View\View.php(213): include('APPPATH\\Views\\temp\\tools.php')
 3 SYSTEMPATH\View\View.php(216): CodeIgniter\View\View->CodeIgniter\View\{closure}()
 4 SYSTEMPATH\Common.php(1135): CodeIgniter\View\View->render('temp/tools', [], true)
 5 APPPATH\Controllers\Test.php(16): view('temp/tools')
 6 SYSTEMPATH\CodeIgniter.php(896): App\Controllers\Test->eligible()
 7 SYSTEMPATH\CodeIgniter.php(466): CodeIgniter\CodeIgniter->runController(Object(App\Controllers\Test))
 8 SYSTEMPATH\CodeIgniter.php(349): CodeIgniter\CodeIgniter->handleRequest(null, Object(Config\Cache), false)
 9 FCPATH\index.php(55): CodeIgniter\CodeIgniter->run()
CRITICAL - 2022-07-29 01:23:49 --> Unknown named parameter $url
in APPPATH\Views\temp\FirstPage.php on line 59.
 1 SYSTEMPATH\View\View.php(213): include()
 2 SYSTEMPATH\View\View.php(216): CodeIgniter\View\View->CodeIgniter\View\{closure}()
 3 SYSTEMPATH\Common.php(1135): CodeIgniter\View\View->render('temp/FirstPage', [], true)
 4 APPPATH\Controllers\Test.php(9): view('temp/FirstPage')
 5 SYSTEMPATH\CodeIgniter.php(896): App\Controllers\Test->index()
 6 SYSTEMPATH\CodeIgniter.php(466): CodeIgniter\CodeIgniter->runController(Object(App\Controllers\Test))
 7 SYSTEMPATH\CodeIgniter.php(349): CodeIgniter\CodeIgniter->handleRequest(null, Object(Config\Cache), false)
 8 FCPATH\index.php(55): CodeIgniter\CodeIgniter->run()
CRITICAL - 2022-07-29 01:32:43 --> Call to undefined function form_open()
in APPPATH\Views\temp\FirstPage.php on line 59.
 1 SYSTEMPATH\View\View.php(213): include()
 2 SYSTEMPATH\View\View.php(216): CodeIgniter\View\View->CodeIgniter\View\{closure}()
 3 SYSTEMPATH\Common.php(1135): CodeIgniter\View\View->render('temp/FirstPage', [], true)
 4 APPPATH\Controllers\Test.php(9): view('temp/FirstPage')
 5 SYSTEMPATH\CodeIgniter.php(896): App\Controllers\Test->index()
 6 SYSTEMPATH\CodeIgniter.php(466): CodeIgniter\CodeIgniter->runController(Object(App\Controllers\Test))
 7 SYSTEMPATH\CodeIgniter.php(349): CodeIgniter\CodeIgniter->handleRequest(null, Object(Config\Cache), false)
 8 FCPATH\index.php(55): CodeIgniter\CodeIgniter->run()
CRITICAL - 2022-07-29 01:33:04 --> Call to undefined function form_open()
in APPPATH\Views\temp\FirstPage.php on line 59.
 1 SYSTEMPATH\View\View.php(213): include()
 2 SYSTEMPATH\View\View.php(216): CodeIgniter\View\View->CodeIgniter\View\{closure}()
 3 SYSTEMPATH\Common.php(1135): CodeIgniter\View\View->render('temp/FirstPage', [], true)
 4 APPPATH\Controllers\Test.php(9): view('temp/FirstPage')
 5 SYSTEMPATH\CodeIgniter.php(896): App\Controllers\Test->index()
 6 SYSTEMPATH\CodeIgniter.php(466): CodeIgniter\CodeIgniter->runController(Object(App\Controllers\Test))
 7 SYSTEMPATH\CodeIgniter.php(349): CodeIgniter\CodeIgniter->handleRequest(null, Object(Config\Cache), false)
 8 FCPATH\index.php(55): CodeIgniter\CodeIgniter->run()
CRITICAL - 2022-07-29 03:32:08 --> Undefined array key "inp1"
in APPPATH\Views\temp\tools.php on line 3.
 1 APPPATH\Views\temp\tools.php(3): CodeIgniter\Debug\Exceptions->errorHandler(2, 'Undefined array key "inp1"', 'APPPATH\\Views\\temp\\tools.php', 3)
 2 SYSTEMPATH\View\View.php(213): include('APPPATH\\Views\\temp\\tools.php')
 3 SYSTEMPATH\View\View.php(216): CodeIgniter\View\View->CodeIgniter\View\{closure}()
 4 SYSTEMPATH\Common.php(1135): CodeIgniter\View\View->render('temp/tools', [], true)
 5 APPPATH\Controllers\Test.php(16): view('temp/tools')
 6 SYSTEMPATH\CodeIgniter.php(896): App\Controllers\Test->eligible()
 7 SYSTEMPATH\CodeIgniter.php(466): CodeIgniter\CodeIgniter->runController(Object(App\Controllers\Test))
 8 SYSTEMPATH\CodeIgniter.php(349): CodeIgniter\CodeIgniter->handleRequest(null, Object(Config\Cache), false)
 9 FCPATH\index.php(55): CodeIgniter\CodeIgniter->run()
CRITICAL - 2022-07-29 03:36:35 --> Invalid file: temp/homepage.php
in SYSTEMPATH\Exceptions\FrameworkException.php on line 33.
 1 SYSTEMPATH\View\View.php(201): CodeIgniter\Exceptions\FrameworkException::forInvalidFile('temp/homepage.php')
 2 SYSTEMPATH\Common.php(1135): CodeIgniter\View\View->render('temp/homepage', [], true)
 3 APPPATH\Controllers\Test.php(17): view('temp/homepage')
 4 SYSTEMPATH\CodeIgniter.php(896): App\Controllers\Test->eligible()
 5 SYSTEMPATH\CodeIgniter.php(466): CodeIgniter\CodeIgniter->runController(Object(App\Controllers\Test))
 6 SYSTEMPATH\CodeIgniter.php(349): CodeIgniter\CodeIgniter->handleRequest(null, Object(Config\Cache), false)
 7 FCPATH\index.php(55): CodeIgniter\CodeIgniter->run()
CRITICAL - 2022-07-29 03:39:27 --> Undefined array key "inp1"
in APPPATH\Views\temp\tools.php on line 3.
 1 APPPATH\Views\temp\tools.php(3): CodeIgniter\Debug\Exceptions->errorHandler(2, 'Undefined array key "inp1"', 'APPPATH\\Views\\temp\\tools.php', 3)
 2 SYSTEMPATH\View\View.php(213): include('APPPATH\\Views\\temp\\tools.php')
 3 SYSTEMPATH\View\View.php(216): CodeIgniter\View\View->CodeIgniter\View\{closure}()
 4 SYSTEMPATH\Common.php(1135): CodeIgniter\View\View->render('temp/tools', [], true)
 5 APPPATH\Controllers\Test.php(16): view('temp/tools')
 6 SYSTEMPATH\CodeIgniter.php(896): App\Controllers\Test->eligible()
 7 SYSTEMPATH\CodeIgniter.php(466): CodeIgniter\CodeIgniter->runController(Object(App\Controllers\Test))
 8 SYSTEMPATH\CodeIgniter.php(349): CodeIgniter\CodeIgniter->handleRequest(null, Object(Config\Cache), false)
 9 FCPATH\index.php(55): CodeIgniter\CodeIgniter->run()
CRITICAL - 2022-07-29 03:57:45 --> Class "Config\Service" not found
in APPPATH\Views\temp\tools.php on line 16.
 1 SYSTEMPATH\View\View.php(213): include()
 2 SYSTEMPATH\View\View.php(216): CodeIgniter\View\View->CodeIgniter\View\{closure}()
 3 SYSTEMPATH\Common.php(1135): CodeIgniter\View\View->render('temp/tools', [], true)
 4 APPPATH\Controllers\Test.php(16): view('temp/tools')
 5 SYSTEMPATH\CodeIgniter.php(896): App\Controllers\Test->eligible()
 6 SYSTEMPATH\CodeIgniter.php(466): CodeIgniter\CodeIgniter->runController(Object(App\Controllers\Test))
 7 SYSTEMPATH\CodeIgniter.php(349): CodeIgniter\CodeIgniter->handleRequest(null, Object(Config\Cache), false)
 8 FCPATH\index.php(55): CodeIgniter\CodeIgniter->run()
CRITICAL - 2022-07-29 03:58:27 --> syntax error, unexpected token "}", expecting "," or ";"
in APPPATH\Controllers\Test.php on line 21.
 1 SYSTEMPATH\Autoloader\Autoloader.php(261): CodeIgniter\Autoloader\Autoloader->includeFile('APPPATH\\Controllers\\Test.php')
 2 SYSTEMPATH\Autoloader\Autoloader.php(239): CodeIgniter\Autoloader\Autoloader->loadInNamespace('App\\Controllers\\Test')
 3 [internal function]: CodeIgniter\Autoloader\Autoloader->loadClass('App\\Controllers\\Test')
 4 SYSTEMPATH\CodeIgniter.php(846): class_exists('\\App\\Controllers\\Test', true)
 5 SYSTEMPATH\CodeIgniter.php(453): CodeIgniter\CodeIgniter->startController()
 6 SYSTEMPATH\CodeIgniter.php(349): CodeIgniter\CodeIgniter->handleRequest(null, Object(Config\Cache), false)
 7 FCPATH\index.php(55): CodeIgniter\CodeIgniter->run()
CRITICAL - 2022-07-29 03:58:31 --> syntax error, unexpected token "}", expecting "," or ";"
in APPPATH\Controllers\Test.php on line 21.
 1 SYSTEMPATH\Autoloader\Autoloader.php(261): CodeIgniter\Autoloader\Autoloader->includeFile('APPPATH\\Controllers\\Test.php')
 2 SYSTEMPATH\Autoloader\Autoloader.php(239): CodeIgniter\Autoloader\Autoloader->loadInNamespace('App\\Controllers\\Test')
 3 [internal function]: CodeIgniter\Autoloader\Autoloader->loadClass('App\\Controllers\\Test')
 4 SYSTEMPATH\CodeIgniter.php(846): class_exists('\\App\\Controllers\\Test', true)
 5 SYSTEMPATH\CodeIgniter.php(453): CodeIgniter\CodeIgniter->startController()
 6 SYSTEMPATH\CodeIgniter.php(349): CodeIgniter\CodeIgniter->handleRequest(null, Object(Config\Cache), false)
 7 FCPATH\index.php(55): CodeIgniter\CodeIgniter->run()
CRITICAL - 2022-07-29 03:59:01 --> syntax error, unexpected token "}", expecting "," or ";"
in APPPATH\Controllers\Test.php on line 21.
 1 SYSTEMPATH\Autoloader\Autoloader.php(261): CodeIgniter\Autoloader\Autoloader->includeFile('APPPATH\\Controllers\\Test.php')
 2 SYSTEMPATH\Autoloader\Autoloader.php(239): CodeIgniter\Autoloader\Autoloader->loadInNamespace('App\\Controllers\\Test')
 3 [internal function]: CodeIgniter\Autoloader\Autoloader->loadClass('App\\Controllers\\Test')
 4 SYSTEMPATH\CodeIgniter.php(846): class_exists('\\App\\Controllers\\Test', true)
 5 SYSTEMPATH\CodeIgniter.php(453): CodeIgniter\CodeIgniter->startController()
 6 SYSTEMPATH\CodeIgniter.php(349): CodeIgniter\CodeIgniter->handleRequest(null, Object(Config\Cache), false)
 7 FCPATH\index.php(55): CodeIgniter\CodeIgniter->run()
CRITICAL - 2022-07-29 03:59:04 --> syntax error, unexpected token "}", expecting "," or ";"
in APPPATH\Controllers\Test.php on line 21.
 1 SYSTEMPATH\Autoloader\Autoloader.php(261): CodeIgniter\Autoloader\Autoloader->includeFile('APPPATH\\Controllers\\Test.php')
 2 SYSTEMPATH\Autoloader\Autoloader.php(239): CodeIgniter\Autoloader\Autoloader->loadInNamespace('App\\Controllers\\Test')
 3 [internal function]: CodeIgniter\Autoloader\Autoloader->loadClass('App\\Controllers\\Test')
 4 SYSTEMPATH\CodeIgniter.php(846): class_exists('\\App\\Controllers\\Test', true)
 5 SYSTEMPATH\CodeIgniter.php(453): CodeIgniter\CodeIgniter->startController()
 6 SYSTEMPATH\CodeIgniter.php(349): CodeIgniter\CodeIgniter->handleRequest(null, Object(Config\Cache), false)
 7 FCPATH\index.php(55): CodeIgniter\CodeIgniter->run()
CRITICAL - 2022-07-29 04:00:24 --> syntax error, unexpected variable "$request", expecting "," or ";"
in APPPATH\Controllers\Test.php on line 18.
 1 SYSTEMPATH\Autoloader\Autoloader.php(261): CodeIgniter\Autoloader\Autoloader->includeFile('APPPATH\\Controllers\\Test.php')
 2 SYSTEMPATH\Autoloader\Autoloader.php(239): CodeIgniter\Autoloader\Autoloader->loadInNamespace('App\\Controllers\\Test')
 3 [internal function]: CodeIgniter\Autoloader\Autoloader->loadClass('App\\Controllers\\Test')
 4 SYSTEMPATH\CodeIgniter.php(846): class_exists('\\App\\Controllers\\Test', true)
 5 SYSTEMPATH\CodeIgniter.php(453): CodeIgniter\CodeIgniter->startController()
 6 SYSTEMPATH\CodeIgniter.php(349): CodeIgniter\CodeIgniter->handleRequest(null, Object(Config\Cache), false)
 7 FCPATH\index.php(55): CodeIgniter\CodeIgniter->run()
CRITICAL - 2022-07-29 04:00:28 --> syntax error, unexpected variable "$request", expecting "," or ";"
in APPPATH\Controllers\Test.php on line 18.
 1 SYSTEMPATH\Autoloader\Autoloader.php(261): CodeIgniter\Autoloader\Autoloader->includeFile('APPPATH\\Controllers\\Test.php')
 2 SYSTEMPATH\Autoloader\Autoloader.php(239): CodeIgniter\Autoloader\Autoloader->loadInNamespace('App\\Controllers\\Test')
 3 [internal function]: CodeIgniter\Autoloader\Autoloader->loadClass('App\\Controllers\\Test')
 4 SYSTEMPATH\CodeIgniter.php(846): class_exists('\\App\\Controllers\\Test', true)
 5 SYSTEMPATH\CodeIgniter.php(453): CodeIgniter\CodeIgniter->startController()
 6 SYSTEMPATH\CodeIgniter.php(349): CodeIgniter\CodeIgniter->handleRequest(null, Object(Config\Cache), false)
 7 FCPATH\index.php(55): CodeIgniter\CodeIgniter->run()
CRITICAL - 2022-07-29 04:00:43 --> syntax error, unexpected variable "$request", expecting "," or ";"
in APPPATH\Controllers\Test.php on line 18.
 1 SYSTEMPATH\Autoloader\Autoloader.php(261): CodeIgniter\Autoloader\Autoloader->includeFile('APPPATH\\Controllers\\Test.php')
 2 SYSTEMPATH\Autoloader\Autoloader.php(239): CodeIgniter\Autoloader\Autoloader->loadInNamespace('App\\Controllers\\Test')
 3 [internal function]: CodeIgniter\Autoloader\Autoloader->loadClass('App\\Controllers\\Test')
 4 SYSTEMPATH\CodeIgniter.php(846): class_exists('\\App\\Controllers\\Test', true)
 5 SYSTEMPATH\CodeIgniter.php(453): CodeIgniter\CodeIgniter->startController()
 6 SYSTEMPATH\CodeIgniter.php(349): CodeIgniter\CodeIgniter->handleRequest(null, Object(Config\Cache), false)
 7 FCPATH\index.php(55): CodeIgniter\CodeIgniter->run()
CRITICAL - 2022-07-29 04:01:14 --> syntax error, unexpected variable "$request", expecting "," or ";"
in APPPATH\Controllers\Test.php on line 18.
 1 SYSTEMPATH\Autoloader\Autoloader.php(261): CodeIgniter\Autoloader\Autoloader->includeFile('APPPATH\\Controllers\\Test.php')
 2 SYSTEMPATH\Autoloader\Autoloader.php(239): CodeIgniter\Autoloader\Autoloader->loadInNamespace('App\\Controllers\\Test')
 3 [internal function]: CodeIgniter\Autoloader\Autoloader->loadClass('App\\Controllers\\Test')
 4 SYSTEMPATH\CodeIgniter.php(846): class_exists('\\App\\Controllers\\Test', true)
 5 SYSTEMPATH\CodeIgniter.php(453): CodeIgniter\CodeIgniter->startController()
 6 SYSTEMPATH\CodeIgniter.php(349): CodeIgniter\CodeIgniter->handleRequest(null, Object(Config\Cache), false)
 7 FCPATH\index.php(55): CodeIgniter\CodeIgniter->run()
CRITICAL - 2022-07-29 04:02:04 --> Unknown named parameter $url
in APPPATH\Views\temp\FirstPage.php on line 61.
 1 SYSTEMPATH\View\View.php(213): include()
 2 SYSTEMPATH\View\View.php(216): CodeIgniter\View\View->CodeIgniter\View\{closure}()
 3 SYSTEMPATH\Common.php(1135): CodeIgniter\View\View->render('temp/FirstPage', [], true)
 4 APPPATH\Controllers\Test.php(9): view('temp/FirstPage')
 5 SYSTEMPATH\CodeIgniter.php(896): App\Controllers\Test->index()
 6 SYSTEMPATH\CodeIgniter.php(466): CodeIgniter\CodeIgniter->runController(Object(App\Controllers\Test))
 7 SYSTEMPATH\CodeIgniter.php(349): CodeIgniter\CodeIgniter->handleRequest(null, Object(Config\Cache), false)
 8 FCPATH\index.php(55): CodeIgniter\CodeIgniter->run()
CRITICAL - 2022-07-29 04:02:06 --> Unknown named parameter $url
in APPPATH\Views\temp\FirstPage.php on line 61.
 1 SYSTEMPATH\View\View.php(213): include()
 2 SYSTEMPATH\View\View.php(216): CodeIgniter\View\View->CodeIgniter\View\{closure}()
 3 SYSTEMPATH\Common.php(1135): CodeIgniter\View\View->render('temp/FirstPage', [], true)
 4 APPPATH\Controllers\Test.php(9): view('temp/FirstPage')
 5 SYSTEMPATH\CodeIgniter.php(896): App\Controllers\Test->index()
 6 SYSTEMPATH\CodeIgniter.php(466): CodeIgniter\CodeIgniter->runController(Object(App\Controllers\Test))
 7 SYSTEMPATH\CodeIgniter.php(349): CodeIgniter\CodeIgniter->handleRequest(null, Object(Config\Cache), false)
 8 FCPATH\index.php(55): CodeIgniter\CodeIgniter->run()
CRITICAL - 2022-07-29 04:02:40 --> Class "Config\Service" not found
in APPPATH\Views\temp\tools.php on line 16.
 1 SYSTEMPATH\View\View.php(213): include()
 2 SYSTEMPATH\View\View.php(216): CodeIgniter\View\View->CodeIgniter\View\{closure}()
 3 SYSTEMPATH\Common.php(1135): CodeIgniter\View\View->render('temp/tools', [], true)
 4 APPPATH\Controllers\Test.php(16): view('temp/tools')
 5 SYSTEMPATH\CodeIgniter.php(896): App\Controllers\Test->eligible()
 6 SYSTEMPATH\CodeIgniter.php(466): CodeIgniter\CodeIgniter->runController(Object(App\Controllers\Test))
 7 SYSTEMPATH\CodeIgniter.php(349): CodeIgniter\CodeIgniter->handleRequest(null, Object(Config\Cache), false)
 8 FCPATH\index.php(55): CodeIgniter\CodeIgniter->run()
